{"contracts/Raffle.sol":{"l":{"26":0,"30":0,"31":0,"33":0,"35":0,"48":0,"52":0},"path":"/Users/yasuzumimunetake/hh-fcc/hardhat-smartcontract-lottery-fcc/contracts/Raffle.sol","s":{"1":0,"2":0,"3":0,"4":0,"5":0},"b":{"1":[0,0]},"f":{"1":0,"2":0,"3":0,"4":0,"5":0,"6":0},"fnMap":{"1":{"name":"constructor","line":25,"loc":{"start":{"line":25,"column":4},"end":{"line":27,"column":4}}},"2":{"name":"enterRaffle","line":29,"loc":{"start":{"line":29,"column":4},"end":{"line":36,"column":4}}},"3":{"name":"requestRandomWinner","line":38,"loc":{"start":{"line":38,"column":4},"end":{"line":42,"column":4}}},"4":{"name":"fullfillRandomWords","line":44,"loc":{"start":{"line":44,"column":4},"end":{"line":44,"column":92}}},"5":{"name":"getEntranceFee","line":47,"loc":{"start":{"line":47,"column":4},"end":{"line":49,"column":4}}},"6":{"name":"getPlayer","line":51,"loc":{"start":{"line":51,"column":4},"end":{"line":53,"column":4}}}},"statementMap":{"1":{"start":{"line":30,"column":8},"end":{"line":30,"column":856}},"2":{"start":{"line":33,"column":8},"end":{"line":33,"column":42}},"3":{"start":{"line":35,"column":8},"end":{"line":35,"column":36}},"4":{"start":{"line":48,"column":8},"end":{"line":48,"column":28}},"5":{"start":{"line":52,"column":8},"end":{"line":52,"column":31}}},"branchMap":{"1":{"line":30,"type":"if","locations":[{"start":{"line":30,"column":8},"end":{"line":30,"column":8}},{"start":{"line":30,"column":8},"end":{"line":30,"column":8}}]}}}}